<?xml version="1.0" encoding="utf-8" standalone="no"?>
<test-run id="2" testcasecount="1" result="Failed" label="Error" total="1" passed="0" failed="1" inconclusive="0" skipped="0" asserts="0" engine-version="3.10.0.0" clr-version="4.0.30319.42000" start-time="2019-10-01 16:13:56Z" end-time="2019-10-01 16:13:56Z" duration="0.574097">
  <command-line><![CDATA[D:\FH\BIF3\SWE\BIF-SWE1\packages\NUnit.ConsoleRunner.3.10.0\tools\nunit3-console.exe BIF-SWE1.UnitTests.dll]]></command-line>
  <test-suite type="Assembly" id="0" name="" fullname="" runstate="NotRunnable" testcasecount="1" result="Failed" label="Error" start-time="2019-10-01 16:13:56Z" end-time="2019-10-01 16:13:56Z" duration="0.001" total="1" passed="0" failed="1" inconclusive="0" skipped="0" asserts="0">
    <failure>
      <message><![CDATA[NUnit.Engine.NUnitEngineException : An exception occurred in the driver while loading tests.
  ----> System.IO.FileNotFoundException : Die Datei oder Assembly "nunit.framework, Version=3.12.0.0, Culture=neutral, PublicKeyToken=2638cd05610744eb" oder eine Abhängigkeit davon wurde nicht gefunden. Das System kann die angegebene Datei nicht finden.]]></message>
      <stack-trace><![CDATA[--NUnitEngineException
An exception occurred in the driver while loading tests.

Server stack trace: 
   bei NUnit.Engine.Runners.DirectTestRunner.LoadDriver(IFrameworkDriver driver, String testFile, TestPackage subPackage)
   bei NUnit.Engine.Runners.DirectTestRunner.LoadPackage()
   bei NUnit.Engine.Runners.DirectTestRunner.EnsurePackageIsLoaded()
   bei NUnit.Engine.Runners.DirectTestRunner.RunTests(ITestEventListener listener, TestFilter filter)
   bei System.Runtime.Remoting.Messaging.StackBuilderSink._PrivateProcessMessage(IntPtr md, Object[] args, Object server, Object[]& outArgs)
   bei System.Runtime.Remoting.Messaging.StackBuilderSink.SyncProcessMessage(IMessage msg)

Exception rethrown at [0]: 
   bei System.Runtime.Remoting.Proxies.RealProxy.HandleReturnMessage(IMessage reqMsg, IMessage retMsg)
   bei System.Runtime.Remoting.Proxies.RealProxy.PrivateInvoke(MessageData& msgData, Int32 type)
   bei NUnit.Engine.ITestEngineRunner.Run(ITestEventListener listener, TestFilter filter)
   bei NUnit.Engine.Runners.ProcessRunner.RunTests(ITestEventListener listener, TestFilter filter)
--
FileNotFoundException
Die Datei oder Assembly "nunit.framework, Version=3.12.0.0, Culture=neutral, PublicKeyToken=2638cd05610744eb" oder eine Abhängigkeit davon wurde nicht gefunden. Das System kann die angegebene Datei nicht finden.
   bei System.Reflection.RuntimeAssembly._nLoad(AssemblyName fileName, String codeBase, Evidence assemblySecurity, RuntimeAssembly locationHint, StackCrawlMark& stackMark, IntPtr pPrivHostBinder, Boolean throwOnFileNotFound, Boolean forIntrospection, Boolean suppressSecurityChecks)
   bei System.Reflection.RuntimeAssembly.InternalLoadAssemblyName(AssemblyName assemblyRef, Evidence assemblySecurity, RuntimeAssembly reqAssembly, StackCrawlMark& stackMark, IntPtr pPrivHostBinder, Boolean throwOnFileNotFound, Boolean forIntrospection, Boolean suppressSecurityChecks)
   bei System.Activator.CreateInstance(String assemblyString, String typeName, Boolean ignoreCase, BindingFlags bindingAttr, Binder binder, Object[] args, CultureInfo culture, Object[] activationAttributes, Evidence securityInfo, StackCrawlMark& stackMark)
   bei System.Activator.CreateInstance(String assemblyName, String typeName, Boolean ignoreCase, BindingFlags bindingAttr, Binder binder, Object[] args, CultureInfo culture, Object[] activationAttributes, Evidence securityInfo)
   bei System.AppDomain.CreateInstance(String assemblyName, String typeName, Boolean ignoreCase, BindingFlags bindingAttr, Binder binder, Object[] args, CultureInfo culture, Object[] activationAttributes, Evidence securityAttributes)
   bei System.AppDomain.CreateInstanceAndUnwrap(String assemblyName, String typeName, Boolean ignoreCase, BindingFlags bindingAttr, Binder binder, Object[] args, CultureInfo culture, Object[] activationAttributes, Evidence securityAttributes)
   bei System.AppDomain.CreateInstanceAndUnwrap(String assemblyName, String typeName, Boolean ignoreCase, BindingFlags bindingAttr, Binder binder, Object[] args, CultureInfo culture, Object[] activationAttributes, Evidence securityAttributes)
   bei NUnit.Engine.Drivers.NUnit3FrameworkDriver.CreateObject(String typeName, Object[] args)
   bei NUnit.Engine.Drivers.NUnit3FrameworkDriver.Load(String testAssemblyPath, IDictionary`2 settings)
   bei NUnit.Engine.Runners.DirectTestRunner.LoadDriver(IFrameworkDriver driver, String testFile, TestPackage subPackage)
]]></stack-trace>
    </failure>
  </test-suite>
</test-run>